2025-06-29 22:15:21.8991 +08 [Bridge CLI] INFO: Using cache directory: C:\bridge-cli-bundle-3.5.1-win64
2025-06-29 22:15:21.9256 +08 [Bridge CLI] INFO: Found version "3.0.194" in registry for workflow "polaris", trying to load it from local cache
2025-06-29 22:15:23.0563 +08 [Command line argument] INFO: Provided value for resource 'POLARIS.ACCESSTOKEN'
2025-06-29 22:15:23.0665 +08 [Command line argument] INFO: Provided value for resource 'polaris.serverUrl'
2025-06-29 22:15:23.0665 +08 [Command line argument] INFO: Provided value for resource 'polaris.application.name'
2025-06-29 22:15:23.0676 +08 [Command line argument] INFO: Provided value for resource 'polaris.project.name'
2025-06-29 22:15:23.0676 +08 [Command line argument] INFO: Provided value for resource 'polaris.branch.name'
2025-06-29 22:15:23.0676 +08 [Command line argument] INFO: Provided value for resource 'polaris.assessment.types'
2025-06-29 22:15:23.0676 +08 [Bridge CLI] INFO: Starting adapters for stage polaris
2025-06-29 22:15:23.0696 +08 [Bridge CLI] INFO: Starting Adapter: Polaris Status Provider
2025-06-29 22:15:23.0696 +08 [Bridge CLI] INFO: Starting Adapter: Polaris SCM Discovery
2025-06-29 22:15:23.0696 +08 [Bridge CLI] INFO: Starting Adapter: Polaris Initializer
2025-06-29 22:15:23.0696 +08 [Bridge CLI] INFO: Starting Adapter: Polaris Controller
2025-06-29 22:15:23.0898 +08 [Bridge CLI] INFO: Starting Adapter: Set Polaris Wait For Scan
2025-06-29 22:15:23.0903 +08 [Set Polaris Wait For Scan] INFO: Provided value for resource 'polaris.waitForScan'
2025-06-29 22:15:23.0909 +08 [Set Polaris Wait For Scan] INFO: Adapter finished
2025-06-29 22:15:23.5437 +08 [Polaris SCM Discovery] INFO: Adapter finished
2025-06-29 22:15:23.5501 +08 [Bridge CLI] INFO: Starting Adapter: Set Polaris Assessment Mode to CI
2025-06-29 22:15:23.5501 +08 [Set Polaris Assessment Mode to CI] INFO: Provided value for resource 'polaris.assessment.mode'
2025-06-29 22:15:23.5506 +08 [Set Polaris Assessment Mode to CI] INFO: Adapter finished
2025-06-29 22:15:23.5541 +08 [Bridge CLI] INFO: Starting Adapter: Create Polaris Project & Branch By Default
2025-06-29 22:15:23.5546 +08 [Create Polaris Project & Branch By Default] INFO: Provided value for resource 'polaris.onboarding'
2025-06-29 22:15:23.5546 +08 [Create Polaris Project & Branch By Default] INFO: Adapter finished
2025-06-29 22:15:28.0417 +08 [Polaris Initializer] INFO: Successfully created test for "SAST(sastFull)" assessment. The short test ID is "HFFTJP5"
2025-06-29 22:15:28.0728 +08 [Polaris Initializer] INFO: Provided value for resource 'polaris.test.SAST.tests.sastFull.id'
2025-06-29 22:15:28.0735 +08 [Polaris Initializer] INFO: Provided value for resource 'polaris.test.SAST.tests.sastFull.shortId'
2025-06-29 22:15:28.0735 +08 [Polaris Initializer] INFO: Provided value for resource 'polaris.test.SAST.tests.sastFull.streamId'
2025-06-29 22:15:28.0735 +08 [Polaris Initializer] INFO: Provided value for resource 'polaris.project.id'
2025-06-29 22:15:28.0741 +08 [Polaris Initializer] INFO: Provided value for resource 'polaris.branch.id'
2025-06-29 22:15:28.0741 +08 [Polaris Initializer] INFO: Provided value for resource 'polaris.portfolioid'
2025-06-29 22:15:28.0746 +08 [Polaris Initializer] INFO: Provided value for resource 'polaris.tenant.id'
2025-06-29 22:15:28.0746 +08 [Polaris Initializer] INFO: Provided value for resource 'polaris.application.id'
2025-06-29 22:15:28.0751 +08 [Polaris Initializer] INFO: Adapter finished
2025-06-29 22:15:28.0903 +08 [Bridge CLI] INFO: Starting Adapter: Check pull request
2025-06-29 22:15:28.4767 +08 [Check pull request] INFO: Provided value for resource 'environment.scan.pull'
2025-06-29 22:15:28.4773 +08 [Check pull request] INFO: Adapter finished
2025-06-29 22:15:28.8874 +08 [Polaris Controller] INFO: Running for "sast" assessment with scan type "sastFull"
2025-06-29 22:15:28.9044 +08 [Polaris Controller] INFO: fetching recommended "coverity" tool info...
2025-06-29 22:15:29.7131 +08 [Polaris Controller] INFO: checking "coverity" tool installation inside bridge home directory: C:\Users\wangleo\.blackduck\bridge\tools\cov-thin-client\2025.3.0
2025-06-29 22:15:29.7131 +08 [Polaris Controller] INFO: Checking tool version for "cov_thin_client" in "C:\\Users\\wangleo\\.blackduck\\bridge\\tools\\cov-thin-client\\2025.3.0"
2025-06-29 22:15:29.7161 +08 [Polaris Controller] INFO: Running command:C:\Users\wangleo\.blackduck\bridge\tools\cov-thin-client\2025.3.0\bin\coverity.exe --version
2025-06-29 22:15:29.8696 +08 [Polaris Controller] INFO: Got tool version for "cov_thin_client": 2025.3.0
2025-06-29 22:15:30.1404 +08 [Polaris Controller] INFO: "coverity" tool is already installed...
2025-06-29 22:15:30.1404 +08 [Polaris Controller] INFO: fetching recommended "Sigma" tool info...
2025-06-29 22:15:30.4121 +08 [Polaris Controller] INFO: checking "Sigma" tool installation inside bridge home directory: C:\Users\wangleo\.blackduck\bridge\tools\sigma\2025.4.0
2025-06-29 22:15:30.4121 +08 [Polaris Controller] INFO: Checking tool version for "sigma" in "C:\\Users\\wangleo\\.blackduck\\bridge\\tools\\sigma\\2025.4.0"
2025-06-29 22:15:30.4127 +08 [Polaris Controller] INFO: Running command:C:\Users\wangleo\.blackduck\bridge\tools\sigma\2025.4.0\sigma.exe --version
2025-06-29 22:15:31.5260 +08 [Polaris Controller] INFO: Got tool version for "sigma": 2025.4.0
2025-06-29 22:15:31.7977 +08 [Polaris Controller] INFO: "Sigma" tool is already installed...
2025-06-29 22:15:31.8191 +08 [Polaris Controller] INFO: Provided value for resource 'coverity.id'
2025-06-29 22:15:31.8191 +08 [Polaris Controller] INFO: Provided value for resource 'sigma.id'
2025-06-29 22:15:31.8198 +08 [Bridge CLI] INFO: Starting adapters for stage polaris-sast
2025-06-29 22:15:31.8198 +08 [Bridge CLI] INFO: Starting adapters for stage polaris-artifacts-uploader
2025-06-29 22:15:31.8198 +08 [Bridge CLI] INFO: Starting adapters for stage polaris-post-processing
2025-06-29 22:15:31.8205 +08 [Bridge CLI] INFO: Starting Adapter: Polaris Coverity Capture
2025-06-29 22:15:31.8205 +08 [Bridge CLI] INFO: Starting Adapter: Polaris Artifacts Uploader
2025-06-29 22:15:31.8205 +08 [Bridge CLI] INFO: Starting Adapter: Polaris Waiter
2025-06-29 22:15:31.8205 +08 [Bridge CLI] INFO: Starting Adapter: Polaris Issues Fetcher
2025-06-29 22:15:31.8205 +08 [Bridge CLI] INFO: Starting Adapter: Polaris Policy Checker
2025-06-29 22:15:31.8215 +08 [Polaris Controller] INFO: Adapter finished
2025-06-29 22:15:31.8616 +08 [Bridge CLI] INFO: Starting Adapter: Default Adapter for execution path
2025-06-29 22:15:31.8642 +08 [Default Adapter for execution path] INFO: Provided value for resource 'coverity.execution.path'
2025-06-29 22:15:31.8642 +08 [Default Adapter for execution path] INFO: Adapter finished
2025-06-29 22:15:31.8704 +08 [Bridge CLI] INFO: Starting Adapter: Default Adapter for execution path
2025-06-29 22:15:31.8704 +08 [Default Adapter for execution path] INFO: Provided value for resource 'sigma.execution.path'
2025-06-29 22:15:31.8732 +08 [Default Adapter for execution path] INFO: Adapter finished
2025-06-29 22:15:32.3412 +08 [Polaris Coverity Capture] INFO: Identified workflow: Polaris
2025-06-29 22:15:32.3442 +08 [Polaris Coverity Capture] INFO: command: C:\Users\wangleo\.blackduck\bridge\tools\cov-thin-client\2025.3.0\bin\coverity.exe capture --dir C:\AI\jasper-ipd-1\.bridge\Polaris Coverity Capture\idir -o analyze.location=connect
2025-06-29 22:15:32.4037 +08 [Polaris Coverity Capture] INFO: coverity 2025.3.0 covcli-2025.3-push-14
2025-06-29 22:15:32.4037 +08 [Polaris Coverity Capture] INFO: envvar: COVERITY_CACHE_API_TOKEN_FILE=C:\Users\wangleo\AppData\Local\Temp\polaris_coverity_cache3214095242\.authKey
2025-06-29 22:15:32.4037 +08 [Polaris Coverity Capture] INFO: envvar: COVERITY_CACHE_KEY=0bdc5587-308a-45d2-9158-92ed7904de95
2025-06-29 22:15:32.4037 +08 [Polaris Coverity Capture] INFO: envvar: COVERITY_CACHE_URL=https://poc.polaris.synopsys.com/api/cache
2025-06-29 22:15:32.4037 +08 [Polaris Coverity Capture] INFO: envvar: COVERITY_CLI_CAPTURE_ZIP_ARCHIVE=C:\AI\jasper-ipd-1\.bridge\Polaris Coverity Capture\idir.zip
2025-06-29 22:15:32.4037 +08 [Polaris Coverity Capture] INFO: envvar: COVERITY_CLI_POLARIS_CLIENT=true
2025-06-29 22:15:32.4137 +08 [Polaris Coverity Capture] INFO: Loaded configuration file 'C:\AI\jasper-ipd-1\coverity.yaml'
2025-06-29 22:15:32.4342 +08 [Polaris Coverity Capture] INFO: Executing command: C:\Users\wangleo\.blackduck\bridge\tools\cov-thin-client\2025.3.0\bin\cov-manage-emit --dir C:\AI\jasper-ipd-1\.bridge\Polaris Coverity Capture\idir reset-host-name
2025-06-29 22:15:33.0109 +08 [Polaris Coverity Capture] INFO: Executing command: C:\Users\wangleo\.blackduck\bridge\tools\cov-thin-client\2025.3.0\bin\cov-manage-emit --dir C:\AI\jasper-ipd-1\.bridge\Polaris Coverity Capture\idir check-compatible
2025-06-29 22:15:33.0690 +08 [Polaris Coverity Capture] INFO: Detected that stdout is not connected to a terminal.  Defaulting ticker mode to 'none'.
2025-06-29 22:15:33.0690 +08 [Polaris Coverity Capture] INFO: If this is not correct, explicitly set the ticker mode to the desired value using the '--ticker-mode' option.
2025-06-29 22:15:33.0813 +08 [Polaris Coverity Capture] INFO: Using lightweight capture with thin client.
2025-06-29 22:15:33.0818 +08 [Polaris Coverity Capture] INFO: Executing command: C:\Users\wangleo\.blackduck\bridge\tools\cov-thin-client\2025.3.0\bin\cov-internal-manage-cache check
2025-06-29 22:15:35.0028 +08 [Polaris Coverity Capture] INFO: Caching is enabled.
2025-06-29 22:15:35.0110 +08 [Polaris Coverity Capture] INFO: Executing command: C:\Users\wangleo\.blackduck\bridge\tools\cov-thin-client\2025.3.0\bin\cov-manage-emit --dir C:\AI\jasper-ipd-1\.bridge\Polaris Coverity Capture\idir create
2025-06-29 22:15:35.0679 +08 [Polaris Coverity Capture] INFO: Telemetry is enabled
2025-06-29 22:15:35.0793 +08 [Polaris Coverity Capture] INFO: Executing command: C:\Users\wangleo\.blackduck\bridge\tools\cov-thin-client\2025.3.0\bin\cov-manage-emit --dir C:\AI\jasper-ipd-1\.bridge\Polaris Coverity Capture\idir list-capture-diagnostics
2025-06-29 22:15:35.2005 +08 [Polaris Coverity Capture] INFO: Executing action Delete compiler configurations for intermediate directory 'C:\AI\jasper-ipd-1\.bridge\Polaris Coverity Capture\idir'
2025-06-29 22:15:35.2293 +08 [Polaris Coverity Capture] INFO: Executing action Configure build compiler: C:\Users\wangleo\.blackduck\bridge\tools\cov-thin-client\2025.3.0\bin\cov-configure -c C:\AI\jasper-ipd-1\.bridge\Polaris Coverity Capture\idir\coverity-cli\build-compiler-configs\coverity_config.xml --compiler gcc --comptype gcc --template
2025-06-29 22:15:37.4415 +08 [Polaris Coverity Capture] INFO: Executing action Configure build compiler: C:\Users\wangleo\.blackduck\bridge\tools\cov-thin-client\2025.3.0\bin\cov-configure -c C:\AI\jasper-ipd-1\.bridge\Polaris Coverity Capture\idir\coverity-cli\build-compiler-configs\coverity_config.xml --compiler cc --comptype gcc --template
2025-06-29 22:15:38.1232 +08 [Polaris Coverity Capture] WARNING: Template config template-gcc-config-1 already exists for gcc-* and will be reused. 
2025-06-29 22:15:38.1237 +08 [Polaris Coverity Capture] WARNING: Template config template-gcc-config-2 already exists for *-gcc and will be reused. 
2025-06-29 22:15:38.1237 +08 [Polaris Coverity Capture] WARNING: Template config template-g++-config-1 already exists for g++-* and will be reused. 
2025-06-29 22:15:38.1237 +08 [Polaris Coverity Capture] WARNING: Template config template-g++-config-2 already exists for *-g++ and will be reused. 
2025-06-29 22:15:38.1237 +08 [Polaris Coverity Capture] WARNING: Template config template-ld-config-0 already exists for ld and will be reused. 
2025-06-29 22:15:38.1237 +08 [Polaris Coverity Capture] WARNING: Template config template-ar-config-0 already exists for ar and will be reused. 
2025-06-29 22:15:38.1411 +08 [Polaris Coverity Capture] INFO: Executing action Configure build compiler: C:\Users\wangleo\.blackduck\bridge\tools\cov-thin-client\2025.3.0\bin\cov-configure -c C:\AI\jasper-ipd-1\.bridge\Polaris Coverity Capture\idir\coverity-cli\build-compiler-configs\coverity_config.xml --compiler c++ --comptype g++ --template
2025-06-29 22:15:38.7734 +08 [Polaris Coverity Capture] INFO: Executing action Configure build compiler: C:\Users\wangleo\.blackduck\bridge\tools\cov-thin-client\2025.3.0\bin\cov-configure -c C:\AI\jasper-ipd-1\.bridge\Polaris Coverity Capture\idir\coverity-cli\build-compiler-configs\coverity_config.xml --compiler clang --comptype clangcc --template
2025-06-29 22:15:39.4133 +08 [Polaris Coverity Capture] INFO: Executing action Configure build compiler: C:\Users\wangleo\.blackduck\bridge\tools\cov-thin-client\2025.3.0\bin\cov-configure -c C:\AI\jasper-ipd-1\.bridge\Polaris Coverity Capture\idir\coverity-cli\build-compiler-configs\coverity_config.xml --compiler java --comptype java --template
2025-06-29 22:15:40.0482 +08 [Polaris Coverity Capture] INFO: Executing action Configure build compiler: C:\Users\wangleo\.blackduck\bridge\tools\cov-thin-client\2025.3.0\bin\cov-configure -c C:\AI\jasper-ipd-1\.bridge\Polaris Coverity Capture\idir\coverity-cli\build-compiler-configs\coverity_config.xml --compiler go --comptype go --template
2025-06-29 22:15:40.6878 +08 [Polaris Coverity Capture] INFO: Executing action Configure build compiler: C:\Users\wangleo\.blackduck\bridge\tools\cov-thin-client\2025.3.0\bin\cov-configure -c C:\AI\jasper-ipd-1\.bridge\Polaris Coverity Capture\idir\coverity-cli\build-compiler-configs\coverity_config.xml --compiler ccache --comptype prefix --template
2025-06-29 22:15:41.3268 +08 [Polaris Coverity Capture] INFO: Executing action Configure build compiler: C:\Users\wangleo\.blackduck\bridge\tools\cov-thin-client\2025.3.0\bin\cov-configure -c C:\AI\jasper-ipd-1\.bridge\Polaris Coverity Capture\idir\coverity-cli\build-compiler-configs\coverity_config.xml --compiler kotlinc --comptype kotlinc --template
2025-06-29 22:15:41.9484 +08 [Polaris Coverity Capture] WARNING: Template config template-java-config-0 already exists for java and will be reused. 
2025-06-29 22:15:41.9489 +08 [Polaris Coverity Capture] WARNING: Template config template-apt-config-0 already exists for apt and will be reused. 
2025-06-29 22:15:41.9489 +08 [Polaris Coverity Capture] WARNING: Template config template-javaw-config-0 already exists for javaw and will be reused. 
2025-06-29 22:15:41.9714 +08 [Polaris Coverity Capture] INFO: Executing action Configure build compiler: C:\Users\wangleo\.blackduck\bridge\tools\cov-thin-client\2025.3.0\bin\cov-configure -c C:\AI\jasper-ipd-1\.bridge\Polaris Coverity Capture\idir\coverity-cli\build-compiler-configs\coverity_config.xml --compiler csc --comptype csc --template
2025-06-29 22:15:42.6324 +08 [Polaris Coverity Capture] INFO: Executing action Configure build compiler: C:\Users\wangleo\.blackduck\bridge\tools\cov-thin-client\2025.3.0\bin\cov-configure -c C:\AI\jasper-ipd-1\.bridge\Polaris Coverity Capture\idir\coverity-cli\build-compiler-configs\coverity_config.xml --compiler vbc --comptype vbc --template
2025-06-29 22:15:43.2943 +08 [Polaris Coverity Capture] WARNING: Template config template-dotnet-config-0 already exists for dotnet and will be reused. 
2025-06-29 22:15:43.3009 +08 [Polaris Coverity Capture] INFO: Executing action Configure build compiler: C:\Users\wangleo\.blackduck\bridge\tools\cov-thin-client\2025.3.0\bin\cov-configure -c C:\AI\jasper-ipd-1\.bridge\Polaris Coverity Capture\idir\coverity-cli\build-compiler-configs\coverity_config.xml --compiler cl --comptype msvc --template
2025-06-29 22:15:43.9827 +08 [Polaris Coverity Capture] INFO: Executing action Configure build compiler: C:\Users\wangleo\.blackduck\bridge\tools\cov-thin-client\2025.3.0\bin\cov-configure -c C:\AI\jasper-ipd-1\.bridge\Polaris Coverity Capture\idir\coverity-cli\build-compiler-configs\coverity_config.xml --compiler i686-w64-mingw32-gcc --comptype gcc --template
2025-06-29 22:15:44.6497 +08 [Polaris Coverity Capture] WARNING: Template config template-gcc-config-1 already exists for gcc-* and will be reused. 
2025-06-29 22:15:44.6497 +08 [Polaris Coverity Capture] WARNING: Template config template-gcc-config-2 already exists for *-gcc and will be reused. 
2025-06-29 22:15:44.6497 +08 [Polaris Coverity Capture] WARNING: Template config template-g++-config-1 already exists for g++-* and will be reused. 
2025-06-29 22:15:44.6497 +08 [Polaris Coverity Capture] WARNING: Template config template-g++-config-2 already exists for *-g++ and will be reused. 
2025-06-29 22:15:44.6497 +08 [Polaris Coverity Capture] WARNING: Template config template-ld-config-0 already exists for ld and will be reused. 
2025-06-29 22:15:44.6497 +08 [Polaris Coverity Capture] WARNING: Template config template-ar-config-0 already exists for ar and will be reused. 
2025-06-29 22:15:44.6550 +08 [Polaris Coverity Capture] INFO: Executing action Configure build compiler: C:\Users\wangleo\.blackduck\bridge\tools\cov-thin-client\2025.3.0\bin\cov-configure -c C:\AI\jasper-ipd-1\.bridge\Polaris Coverity Capture\idir\coverity-cli\build-compiler-configs\coverity_config.xml --compiler i686-w64-mingw32-c++ --comptype g++ --template
2025-06-29 22:15:45.3459 +08 [Polaris Coverity Capture] INFO: Executing action Configure build compiler: C:\Users\wangleo\.blackduck\bridge\tools\cov-thin-client\2025.3.0\bin\cov-configure -c C:\AI\jasper-ipd-1\.bridge\Polaris Coverity Capture\idir\coverity-cli\build-compiler-configs\coverity_config.xml --compiler mingw32-gcc --comptype gcc --template
2025-06-29 22:15:46.0052 +08 [Polaris Coverity Capture] WARNING: Template config template-gcc-config-1 already exists for gcc-* and will be reused. 
2025-06-29 22:15:46.0052 +08 [Polaris Coverity Capture] WARNING: Template config template-gcc-config-2 already exists for *-gcc and will be reused. 
2025-06-29 22:15:46.0052 +08 [Polaris Coverity Capture] WARNING: Template config template-g++-config-1 already exists for g++-* and will be reused. 
2025-06-29 22:15:46.0052 +08 [Polaris Coverity Capture] WARNING: Template config template-g++-config-2 already exists for *-g++ and will be reused. 
2025-06-29 22:15:46.0052 +08 [Polaris Coverity Capture] WARNING: Template config template-ld-config-0 already exists for ld and will be reused. 
2025-06-29 22:15:46.0052 +08 [Polaris Coverity Capture] WARNING: Template config template-ar-config-0 already exists for ar and will be reused. 
2025-06-29 22:15:46.0120 +08 [Polaris Coverity Capture] INFO: Executing action Configure build compiler: C:\Users\wangleo\.blackduck\bridge\tools\cov-thin-client\2025.3.0\bin\cov-configure -c C:\AI\jasper-ipd-1\.bridge\Polaris Coverity Capture\idir\coverity-cli\build-compiler-configs\coverity_config.xml --compiler mingw32-c++ --comptype g++ --template
2025-06-29 22:15:46.6824 +08 [Polaris Coverity Capture] INFO: Executing action Configure build compiler: C:\Users\wangleo\.blackduck\bridge\tools\cov-thin-client\2025.3.0\bin\cov-configure -c C:\AI\jasper-ipd-1\.bridge\Polaris Coverity Capture\idir\coverity-cli\build-compiler-configs\coverity_config.xml --compiler x86_64-w64-mingw32-gcc --comptype gcc --template
2025-06-29 22:15:47.3778 +08 [Polaris Coverity Capture] WARNING: Template config template-gcc-config-1 already exists for gcc-* and will be reused. 
2025-06-29 22:15:47.3778 +08 [Polaris Coverity Capture] WARNING: Template config template-gcc-config-2 already exists for *-gcc and will be reused. 
2025-06-29 22:15:47.3778 +08 [Polaris Coverity Capture] WARNING: Template config template-g++-config-1 already exists for g++-* and will be reused. 
2025-06-29 22:15:47.3778 +08 [Polaris Coverity Capture] WARNING: Template config template-g++-config-2 already exists for *-g++ and will be reused. 
2025-06-29 22:15:47.3778 +08 [Polaris Coverity Capture] WARNING: Template config template-ld-config-0 already exists for ld and will be reused. 
2025-06-29 22:15:47.3778 +08 [Polaris Coverity Capture] WARNING: Template config template-ar-config-0 already exists for ar and will be reused. 
2025-06-29 22:15:47.3935 +08 [Polaris Coverity Capture] INFO: Executing action Configure build compiler: C:\Users\wangleo\.blackduck\bridge\tools\cov-thin-client\2025.3.0\bin\cov-configure -c C:\AI\jasper-ipd-1\.bridge\Polaris Coverity Capture\idir\coverity-cli\build-compiler-configs\coverity_config.xml --compiler x86_64-w64-mingw32-c++ --comptype g++ --template
2025-06-29 22:15:48.0737 +08 [Polaris Coverity Capture] INFO: Executing action Configure build compiler: C:\Users\wangleo\.blackduck\bridge\tools\cov-thin-client\2025.3.0\bin\cov-configure -c C:\AI\jasper-ipd-1\.bridge\Polaris Coverity Capture\idir\coverity-cli\buildless-compiler-configs\coverity_config.xml --dart
2025-06-29 22:15:48.6790 +08 [Polaris Coverity Capture] INFO: Executing action Configure build compiler: C:\Users\wangleo\.blackduck\bridge\tools\cov-thin-client\2025.3.0\bin\cov-configure -c C:\AI\jasper-ipd-1\.bridge\Polaris Coverity Capture\idir\coverity-cli\buildless-compiler-configs\coverity_config.xml --javascript
2025-06-29 22:15:49.3115 +08 [Polaris Coverity Capture] INFO: Executing action Configure build compiler: C:\Users\wangleo\.blackduck\bridge\tools\cov-thin-client\2025.3.0\bin\cov-configure -c C:\AI\jasper-ipd-1\.bridge\Polaris Coverity Capture\idir\coverity-cli\buildless-compiler-configs\coverity_config.xml --php
2025-06-29 22:15:49.9301 +08 [Polaris Coverity Capture] INFO: Executing action Configure build compiler: C:\Users\wangleo\.blackduck\bridge\tools\cov-thin-client\2025.3.0\bin\cov-configure -c C:\AI\jasper-ipd-1\.bridge\Polaris Coverity Capture\idir\coverity-cli\buildless-compiler-configs\coverity_config.xml --python
2025-06-29 22:15:50.5479 +08 [Polaris Coverity Capture] INFO: Executing action Configure build compiler: C:\Users\wangleo\.blackduck\bridge\tools\cov-thin-client\2025.3.0\bin\cov-configure -c C:\AI\jasper-ipd-1\.bridge\Polaris Coverity Capture\idir\coverity-cli\buildless-compiler-configs\coverity_config.xml --ruby
2025-06-29 22:15:51.1705 +08 [Polaris Coverity Capture] INFO: Executing action Configure build compiler: C:\Users\wangleo\.blackduck\bridge\tools\cov-thin-client\2025.3.0\bin\cov-configure -c C:\AI\jasper-ipd-1\.bridge\Polaris Coverity Capture\idir\coverity-cli\buildless-compiler-configs\coverity_config.xml --comptype capture-config-files --file-regex $capture-config-files$ --template
2025-06-29 22:15:51.2278 +08 [Polaris Coverity Capture] WARNING: Configuration already exists for file regex $capture-config-files$
2025-06-29 22:15:51.2278 +08 [Polaris Coverity Capture] INFO:           and it will not be updated.
2025-06-29 22:15:51.2341 +08 [Polaris Coverity Capture] INFO: Loading compiler config 'C:\AI\jasper-ipd-1\.bridge\Polaris Coverity Capture\idir\coverity-cli\build-compiler-configs\coverity_config.xml'
2025-06-29 22:15:51.2465 +08 [Polaris Coverity Capture] INFO: Loading compiler config 'C:\AI\jasper-ipd-1\.bridge\Polaris Coverity Capture\idir\coverity-cli\buildless-compiler-configs\coverity_config.xml'
2025-06-29 22:15:51.2753 +08 [Polaris Coverity Capture] INFO: Executing action Emit files using buildless capture: C:\Users\wangleo\.blackduck\bridge\tools\cov-thin-client\2025.3.0\bin\cov-internal-capture-files --dir C:\AI\jasper-ipd-1\.bridge\Polaris Coverity Capture\idir -c C:\AI\jasper-ipd-1\.bridge\Polaris Coverity Capture\idir\coverity-cli\buildless-compiler-configs\coverity_config.xml --ticker-mode none --append-log --capture-list-file C:\AI\jasper-ipd-1\.bridge\Polaris Coverity Capture\idir\coverity-cli\capture-file-list-791596431 --record-with-source
2025-06-29 22:15:51.7738 +08 [Polaris Coverity Capture] INFO: Buildless capture started.
2025-06-29 22:15:51.8700 +08 [Polaris Coverity Capture] INFO: Emitting 271 Files.
2025-06-29 22:15:53.4890 +08 [Polaris Coverity Capture] INFO: Buildless capture completed.
2025-06-29 22:15:53.5075 +08 [Polaris Coverity Capture] INFO: Executing action deleteResidualTUs C:\AI\jasper-ipd-1\.bridge\Polaris Coverity Capture\idir
2025-06-29 22:15:53.5075 +08 [Polaris Coverity Capture] INFO: Executing command: C:\Users\wangleo\.blackduck\bridge\tools\cov-thin-client\2025.3.0\bin\cov-manage-emit --dir C:\AI\jasper-ipd-1\.bridge\Polaris Coverity Capture\idir list-capture-diagnostics
2025-06-29 22:15:53.6208 +08 [Polaris Coverity Capture] INFO: Executing action Invalidate capture results
2025-06-29 22:15:53.6208 +08 [Polaris Coverity Capture] INFO: Executing action Invoke cov-run-sigma: C:\Users\wangleo\.blackduck\bridge\tools\cov-thin-client\2025.3.0\bin\cov-run-sigma --project-dir C:\AI\jasper-ipd-1 --dir C:\AI\jasper-ipd-1\.bridge\Polaris Coverity Capture\idir --coverity-config C:\Users\wangleo\AppData\Local\Temp\cov-run-sigma-config-2879624116\coverity.yaml --sigma-binary-path C:\Users\wangleo\.blackduck\bridge\tools\sigma\2025.4.0\sigma.exe --enable-telemetry
2025-06-29 22:15:54.3653 +08 [Polaris Coverity Capture] INFO: cov-run-sigma version 2025.3.0 on Windows 11 Professional, 64-bit (build 26100)
2025-06-29 22:15:54.3653 +08 [Polaris Coverity Capture] INFO: Internal version numbers: 393dab6634 p-2025.3-push-64
2025-06-29 22:15:54.3653 +08 [Polaris Coverity Capture] INFO: 
2025-06-29 22:16:07.3960 +08 [Polaris Coverity Capture] INFO: Detected UTF-8 encoding for C:/AI/jasper-ipd-1/src/Renderer/Repository/StreamRepo.ts
2025-06-29 22:16:07.4022 +08 [Polaris Coverity Capture] INFO: Detected UTF-8 encoding for C:/AI/jasper-ipd-1/src/Renderer/Library/GitHub/GitHubUserClient.ts
2025-06-29 22:16:07.4096 +08 [Polaris Coverity Capture] INFO: Detected ISO-8859-1 encoding for C:/AI/jasper-ipd-1/src/Renderer/Repository/IssueRepo.ts
2025-06-29 22:16:07.4129 +08 [Polaris Coverity Capture] INFO: Detected ISO-8859-1 encoding for C:/AI/jasper-ipd-1/src/Renderer/Library/GitHub/V4/GitHubV4ProjectNextClient.ts
2025-06-29 22:16:07.4146 +08 [Polaris Coverity Capture] INFO: Detected ISO-8859-1 encoding for C:/AI/jasper-ipd-1/script/win/make-installer.js
2025-06-29 22:16:07.4173 +08 [Polaris Coverity Capture] INFO: Detected ISO-8859-1 encoding for C:/AI/jasper-ipd-1/src/Renderer/Event/AppEvent.ts
2025-06-29 22:16:07.4207 +08 [Polaris Coverity Capture] INFO: Detected ISO-8859-1 encoding for C:/AI/jasper-ipd-1/src/Renderer/Library/GitHub/GitHubClient.ts
2025-06-29 22:16:07.4226 +08 [Polaris Coverity Capture] INFO: Detected ISO-8859-1 encoding for C:/AI/jasper-ipd-1/src/Main/asset/js/test.js
2025-06-29 22:16:07.4238 +08 [Polaris Coverity Capture] INFO: Detected ISO-8859-1 encoding for C:/AI/jasper-ipd-1/test/sample.ts
2025-06-29 22:16:07.4254 +08 [Polaris Coverity Capture] INFO: Detected ISO-8859-1 encoding for C:/AI/jasper-ipd-1/src/Renderer/Library/Infra/Event.ts
2025-06-29 22:16:07.4266 +08 [Polaris Coverity Capture] INFO: Detected ISO-8859-1 encoding for C:/AI/jasper-ipd-1/src/Renderer/Library/GitHub/GitHubNotificationClient.ts
2025-06-29 22:16:07.4282 +08 [Polaris Coverity Capture] INFO: Detected ISO-8859-1 encoding for C:/AI/jasper-ipd-1/src/Renderer/Repository/Setup/StreamSetup.ts
2025-06-29 22:16:07.4293 +08 [Polaris Coverity Capture] INFO: Detected ISO-8859-1 encoding for C:/AI/jasper-ipd-1/src/Renderer/Event/UserPrefEvent.ts
2025-06-29 22:16:07.4305 +08 [Polaris Coverity Capture] INFO: Detected ISO-8859-1 encoding for C:/AI/jasper-ipd-1/src/Renderer/Fragment/Browser/BrowserFragmentAsset/detect-input.ts
2025-06-29 22:16:07.4350 +08 [Polaris Coverity Capture] INFO: Detected UTF-8 encoding for C:/AI/jasper-ipd-1/src/Renderer/Library/GitHub/V4/GitHubV4IssueClient.ts
2025-06-29 22:16:07.4379 +08 [Polaris Coverity Capture] INFO: Detected ISO-8859-1 encoding for C:/AI/jasper-ipd-1/src/Renderer/Library/GitHub/GitHubQueryParser.ts
2025-06-29 22:16:07.4412 +08 [Polaris Coverity Capture] INFO: Detected ISO-8859-1 encoding for C:/AI/jasper-ipd-1/src/Renderer/Library/Util/DocsUtil.ts
2025-06-29 22:16:07.4422 +08 [Polaris Coverity Capture] INFO: Detected ISO-8859-1 encoding for C:/AI/jasper-ipd-1/src/Renderer/Repository/Polling/DatePolling.ts
2025-06-29 22:16:07.4450 +08 [Polaris Coverity Capture] INFO: Detected UTF-8 encoding for C:/AI/jasper-ipd-1/src/Renderer/Library/GitHub/V4/GitHubV4Client.ts
2025-06-29 22:16:07.4466 +08 [Polaris Coverity Capture] INFO: Detected ISO-8859-1 encoding for C:/AI/jasper-ipd-1/src/java/merge_sprt.java
2025-06-29 22:16:07.4472 +08 [Polaris Coverity Capture] INFO: Detected ISO-8859-1 encoding for C:/AI/jasper-ipd-1/src/Renderer/Library/Type/RemoteVersionEntity.ts
2025-06-29 22:16:07.4483 +08 [Polaris Coverity Capture] INFO: Detected ISO-8859-1 encoding for C:/AI/jasper-ipd-1/src/Renderer/Library/Util/DateUtil.ts
2025-06-29 22:16:07.4489 +08 [Polaris Coverity Capture] INFO: Detected ISO-8859-1 encoding for C:/AI/jasper-ipd-1/src/Renderer/Repository/Polling/StreamClient/SystemStreamMeClient.ts
2025-06-29 22:16:07.4506 +08 [Polaris Coverity Capture] INFO: Detected ISO-8859-1 encoding for C:/AI/jasper-ipd-1/src/Renderer/Library/Infra/Logger.ts
2025-06-29 22:16:07.4511 +08 [Polaris Coverity Capture] INFO: Detected ISO-8859-1 encoding for C:/AI/jasper-ipd-1/src/Renderer/Library/Type/ThemeNameEntity.ts
2025-06-29 22:16:07.4518 +08 [Polaris Coverity Capture] INFO: Detected ISO-8859-1 encoding for C:/AI/jasper-ipd-1/src/Renderer/Library/Type/RemoteGitHubV3/RemotePREntity.ts
2025-06-29 22:16:07.4524 +08 [Polaris Coverity Capture] INFO: Detected windows-1252 encoding for C:/AI/jasper-ipd-1/src/Main/Window/MiscWindow/MiscWindow.ts
2025-06-29 22:16:07.4556 +08 [Polaris Coverity Capture] INFO: Detected ISO-8859-1 encoding for C:/AI/jasper-ipd-1/src/Renderer/Repository/Polling/StreamClient/SystemStreamSubscriptionClient.ts
2025-06-29 22:16:07.4569 +08 [Polaris Coverity Capture] INFO: Detected ISO-8859-1 encoding for C:/AI/jasper-ipd-1/script/mac/notarize.js
2025-06-29 22:16:07.4579 +08 [Polaris Coverity Capture] INFO: Detected ISO-8859-1 encoding for C:/AI/jasper-ipd-1/src/Renderer/Library/Type/GetIssueStateEntity.ts
2025-06-29 22:16:07.4592 +08 [Polaris Coverity Capture] INFO: Detected windows-1252 encoding for C:/AI/jasper-ipd-1/src/Main/Bind/MainWindowBind.ts
2025-06-29 22:16:07.4610 +08 [Polaris Coverity Capture] INFO: Detected ISO-8859-1 encoding for C:/AI/jasper-ipd-1/src/IPC/SQLiteIPC.ts
2025-06-29 22:16:07.4661 +08 [Polaris Coverity Capture] INFO: Detected UTF-8 encoding for C:/AI/jasper-ipd-1/src/Renderer/Fragment/Browser/BrowserFragmentAsset/highlight-and-scroll.ts
2025-06-29 22:16:07.4668 +08 [Polaris Coverity Capture] INFO: Detected ISO-8859-1 encoding for C:/AI/jasper-ipd-1/src/Renderer/Library/Util/UserAgentUtil.ts
2025-06-29 22:16:07.4680 +08 [Polaris Coverity Capture] INFO: Detected ISO-8859-1 encoding for C:/AI/jasper-ipd-1/src/Renderer/Library/Util/ColorUtil.ts
2025-06-29 22:16:07.4698 +08 [Polaris Coverity Capture] INFO: Detected ISO-8859-1 encoding for C:/AI/jasper-ipd-1/src/Renderer/Library/Style/color.ts
2025-06-29 22:16:07.4743 +08 [Polaris Coverity Capture] INFO: Detected UTF-8 encoding for C:/AI/jasper-ipd-1/src/Main/Window/MainWindow/MainWindowMenu.ts
2025-06-29 22:16:07.4780 +08 [Polaris Coverity Capture] INFO: Detected UTF-8 encoding for C:/AI/jasper-ipd-1/src/Renderer/Repository/GARepo.ts
2025-06-29 22:16:07.4791 +08 [Polaris Coverity Capture] INFO: Detected ISO-8859-1 encoding for C:/AI/jasper-ipd-1/src/Renderer/Library/Style/layout.ts
2025-06-29 22:16:07.4814 +08 [Polaris Coverity Capture] INFO: Detected ISO-8859-1 encoding for C:/AI/jasper-ipd-1/src/Renderer/Fragment/Browser/BrowserFragmentAsset/project-board.ts
2025-06-29 22:16:07.4832 +08 [Polaris Coverity Capture] INFO: Detected UTF-8 encoding for C:/AI/jasper-ipd-1/src/Renderer/Library/GitHub/GitHubSearchClient.ts
2025-06-29 22:16:07.4846 +08 [Polaris Coverity Capture] INFO: Detected ISO-8859-1 encoding for C:/AI/jasper-ipd-1/src/Renderer/Event/VersionEvent.ts
2025-06-29 22:16:07.4869 +08 [Polaris Coverity Capture] INFO: Detected UTF-8 encoding for C:/AI/jasper-ipd-1/src/Renderer/Repository/GitHubNotificationPolling.ts
2025-06-29 22:16:07.4874 +08 [Polaris Coverity Capture] INFO: Detected ISO-8859-1 encoding for C:/AI/jasper-ipd-1/src/Renderer/Library/Util/ShellUtil.ts
2025-06-29 22:16:07.4914 +08 [Polaris Coverity Capture] INFO: Detected UTF-8 encoding for C:/AI/jasper-ipd-1/src/Main/Bind/BrowserViewBind.ts
2025-06-29 22:16:07.4926 +08 [Polaris Coverity Capture] INFO: Detected ISO-8859-1 encoding for C:/AI/jasper-ipd-1/src/java/ll_test.java
2025-06-29 22:16:07.4981 +08 [Polaris Coverity Capture] INFO: Detected ISO-8859-1 encoding for C:/AI/jasper-ipd-1/src/Renderer/Fragment/Browser/BrowserFragmentAsset/show-diff-body.ts
2025-06-29 22:16:07.4993 +08 [Polaris Coverity Capture] INFO: Detected ISO-8859-1 encoding for C:/AI/jasper-ipd-1/src/Renderer/Repository/Polling/StreamClient/SystemStreamTeamClient.ts
2025-06-29 22:16:07.5012 +08 [Polaris Coverity Capture] INFO: Detected ISO-8859-1 encoding for C:/AI/jasper-ipd-1/src/Renderer/Event/IssueEvent.ts
2025-06-29 22:16:07.5037 +08 [Polaris Coverity Capture] INFO: Detected ISO-8859-1 encoding for C:/AI/jasper-ipd-1/src/Main/Util/PathUtil.ts
2025-06-29 22:16:07.5062 +08 [Polaris Coverity Capture] INFO: Detected UTF-8 encoding for C:/AI/jasper-ipd-1/src/Renderer/Repository/Polling/ForceUpdateIssuePolling.ts
2025-06-29 22:16:07.5075 +08 [Polaris Coverity Capture] INFO: Detected ISO-8859-1 encoding for C:/AI/jasper-ipd-1/src/Renderer/Library/Type/JumpNavigationHistoryEntity.ts
2025-06-29 22:16:07.5113 +08 [Polaris Coverity Capture] INFO: Detected UTF-8 encoding for C:/AI/jasper-ipd-1/src/Renderer/Repository/Polling/StreamClient/StreamClient.ts
2025-06-29 22:16:07.5145 +08 [Polaris Coverity Capture] INFO: Detected UTF-8 encoding for C:/AI/jasper-ipd-1/src/Main/Bind/UserPrefBind.ts
2025-06-29 22:16:07.5163 +08 [Polaris Coverity Capture] INFO: Detected ISO-8859-1 encoding for C:/AI/jasper-ipd-1/src/Renderer/Library/Type/RemoteGitHubV4/RemoteGitHubV4ViewerEntity.ts
2025-06-29 22:16:07.5174 +08 [Polaris Coverity Capture] INFO: Detected ISO-8859-1 encoding for C:/AI/jasper-ipd-1/src/Renderer/Library/Infra/fetchw.ts
2025-06-29 22:16:07.5191 +08 [Polaris Coverity Capture] INFO: Detected ISO-8859-1 encoding for C:/AI/jasper-ipd-1/src/Renderer/Repository/Polling/VersionPolling.ts
2025-06-29 22:16:07.5204 +08 [Polaris Coverity Capture] INFO: Detected ISO-8859-1 encoding for C:/AI/jasper-ipd-1/src/Renderer/Library/Type/RemoteGitHubV3/RemoteGitHubNotification.ts
2025-06-29 22:16:07.5221 +08 [Polaris Coverity Capture] INFO: Detected ISO-8859-1 encoding for C:/AI/jasper-ipd-1/src/Renderer/Repository/JumpNavigationHistoryRepo.ts
2025-06-29 22:16:07.5246 +08 [Polaris Coverity Capture] INFO: Detected UTF-8 encoding for C:/AI/jasper-ipd-1/src/Renderer/Repository/Polling/StreamPolling.ts
2025-06-29 22:16:07.5264 +08 [Polaris Coverity Capture] INFO: Detected windows-1252 encoding for C:/AI/jasper-ipd-1/src/Main/Bind/StreamBind.ts
2025-06-29 22:16:07.5281 +08 [Polaris Coverity Capture] INFO: Detected UTF-8 encoding for C:/AI/jasper-ipd-1/src/Renderer/Library/Util/GitHubUtil.ts
2025-06-29 22:16:07.5293 +08 [Polaris Coverity Capture] INFO: Detected ISO-8859-1 encoding for C:/AI/jasper-ipd-1/src/Renderer/Library/Type/FilterHistoryEntity.ts
2025-06-29 22:16:07.5319 +08 [Polaris Coverity Capture] INFO: Detected ISO-8859-1 encoding for C:/AI/jasper-ipd-1/src/Renderer/Library/Style/appTheme.ts
2025-06-29 22:16:07.5338 +08 [Polaris Coverity Capture] INFO: Detected ISO-8859-1 encoding for C:/AI/jasper-ipd-1/src/Renderer/Repository/Setup/DBSetup.ts
2025-06-29 22:16:07.5361 +08 [Polaris Coverity Capture] INFO: Detected ISO-8859-1 encoding for C:/AI/jasper-ipd-1/src/Main/sort.ts
2025-06-29 22:16:07.5389 +08 [Polaris Coverity Capture] INFO: Detected UTF-8 encoding for C:/AI/jasper-ipd-1/src/Renderer/Library/Type/RemoteGitHubV4/RemoteGitHubV4IssueNodesEntity.ts
2025-06-29 22:16:07.5417 +08 [Polaris Coverity Capture] INFO: Detected ISO-8859-1 encoding for C:/AI/jasper-ipd-1/src/Renderer/Repository/FilterSQLRepo.ts
2025-06-29 22:16:07.5429 +08 [Polaris Coverity Capture] INFO: Detected ISO-8859-1 encoding for C:/AI/jasper-ipd-1/src/Renderer/Library/Type/StreamIssueEntity.ts
2025-06-29 22:16:07.5451 +08 [Polaris Coverity Capture] INFO: Detected ISO-8859-1 encoding for C:/AI/jasper-ipd-1/src/Renderer/Library/Type/RemoteGitHubV4/RemoteGitHubV4Entity.ts
2025-06-29 22:16:07.5469 +08 [Polaris Coverity Capture] INFO: Detected ISO-8859-1 encoding for C:/AI/jasper-ipd-1/src/Renderer/Event/StreamEvent.ts
2025-06-29 22:16:07.5476 +08 [Polaris Coverity Capture] INFO: Detected ISO-8859-1 encoding for C:/AI/jasper-ipd-1/src/Renderer/Library/Type/RepositoryEntity.ts
2025-06-29 22:16:07.5501 +08 [Polaris Coverity Capture] INFO: Detected ISO-8859-1 encoding for C:/AI/jasper-ipd-1/src/IPC/IssueIPC.ts
2025-06-29 22:16:07.5507 +08 [Polaris Coverity Capture] INFO: Detected ISO-8859-1 encoding for C:/AI/jasper-ipd-1/src/Renderer/Library/Util/ArrayUtil.ts
2025-06-29 22:16:07.5524 +08 [Polaris Coverity Capture] INFO: Detected UTF-8 encoding for C:/AI/jasper-ipd-1/src/Main/Bind/BrowserViewTranslate.ts
2025-06-29 22:16:07.5530 +08 [Polaris Coverity Capture] INFO: Detected ISO-8859-1 encoding for C:/AI/jasper-ipd-1/src/Renderer/Library/Type/RemoteGitHubV3/RemoteUserWatchingEntity.ts
2025-06-29 22:16:07.5542 +08 [Polaris Coverity Capture] INFO: Detected ISO-8859-1 encoding for C:/AI/jasper-ipd-1/src/Renderer/Library/GitHub/GitHubIssueClient.ts
2025-06-29 22:16:07.5547 +08 [Polaris Coverity Capture] INFO: Detected ISO-8859-1 encoding for C:/AI/jasper-ipd-1/src/Renderer/Library/Type/SubscriptionIssueEntity.ts
2025-06-29 22:16:07.5566 +08 [Polaris Coverity Capture] INFO: Detected ISO-8859-1 encoding for C:/AI/jasper-ipd-1/src/Renderer/Repository/Polling/StreamClient/SystemStreamWatchingClient.ts
2025-06-29 22:16:07.5572 +08 [Polaris Coverity Capture] INFO: Detected ISO-8859-1 encoding for C:/AI/jasper-ipd-1/src/Renderer/Library/Util/TimerUtil.ts
2025-06-29 22:16:07.5578 +08 [Polaris Coverity Capture] INFO: Detected UTF-8 encoding for C:/AI/jasper-ipd-1/src/Renderer/Fragment/Browser/BrowserFragmentAsset/update-by-self.ts
2025-06-29 22:16:07.5584 +08 [Polaris Coverity Capture] INFO: Detected ISO-8859-1 encoding for C:/AI/jasper-ipd-1/script/leo_demo_customer01.php
2025-06-29 22:16:07.5590 +08 [Polaris Coverity Capture] INFO: Detected ISO-8859-1 encoding for C:/AI/jasper-ipd-1/src/Renderer/asset/html/main-window-preload.ts
2025-06-29 22:16:07.5595 +08 [Polaris Coverity Capture] INFO: Detected ISO-8859-1 encoding for C:/AI/jasper-ipd-1/src/Renderer/asset/html/issue-window-preload.ts
2025-06-29 22:16:07.5619 +08 [Polaris Coverity Capture] INFO: Detected ISO-8859-1 encoding for C:/AI/jasper-ipd-1/src/Renderer/Repository/SubscriptionIssuesRepo.ts
2025-06-29 22:16:07.5632 +08 [Polaris Coverity Capture] INFO: Detected ISO-8859-1 encoding for C:/AI/jasper-ipd-1/src/Renderer/Library/Type/RemoteGitHubV3/RemoteUserTeamEntity.ts
2025-06-29 22:16:07.5677 +08 [Polaris Coverity Capture] INFO: Detected UTF-8 encoding for C:/AI/jasper-ipd-1/src/Renderer/Repository/UserPrefRepo.ts
2025-06-29 22:16:07.5688 +08 [Polaris Coverity Capture] INFO: Detected ISO-8859-1 encoding for C:/AI/jasper-ipd-1/src/Main/Util/testipd.ts
2025-06-29 22:16:07.5700 +08 [Polaris Coverity Capture] INFO: Detected ISO-8859-1 encoding for C:/AI/jasper-ipd-1/src/Renderer/Fragment/Browser/BrowserFragmentAsset/external-browser.ts
2025-06-29 22:16:07.5711 +08 [Polaris Coverity Capture] INFO: Detected ISO-8859-1 encoding for C:/AI/jasper-ipd-1/coverity.yaml
2025-06-29 22:16:07.5755 +08 [Polaris Coverity Capture] INFO: Detected ISO-8859-1 encoding for C:/AI/jasper-ipd-1/src/Renderer/Library/Type/RemoteGitHubV4/RemoteGitHubV4ProjectEntity.ts
2025-06-29 22:16:07.5801 +08 [Polaris Coverity Capture] INFO: Detected UTF-8 encoding for C:/AI/jasper-ipd-1/src/IPC/BrowserViewIPC.ts
2025-06-29 22:16:07.5812 +08 [Polaris Coverity Capture] INFO: Detected ISO-8859-1 encoding for C:/AI/jasper-ipd-1/src/Renderer/Fragment/Browser/BrowserFragmentAsset/get-issue-state.ts
2025-06-29 22:16:07.5823 +08 [Polaris Coverity Capture] INFO: Detected ISO-8859-1 encoding for C:/AI/jasper-ipd-1/src/Renderer/Library/Util/PlatformUtil.ts
2025-06-29 22:16:07.5851 +08 [Polaris Coverity Capture] INFO: Detected UTF-8 encoding for C:/AI/jasper-ipd-1/src/Main/Window/MainWindow/MainWindowEvent.ts
2025-06-29 22:16:07.5875 +08 [Polaris Coverity Capture] INFO: Detected ISO-8859-1 encoding for C:/AI/jasper-ipd-1/src/Renderer/Fragment/Browser/BrowserFragmentAsset/project-next-board.ts
2025-06-29 22:16:07.5882 +08 [Polaris Coverity Capture] INFO: Detected ISO-8859-1 encoding for C:/AI/jasper-ipd-1/src/Renderer/Library/Type/UserPrefEntity.ts
2025-06-29 22:16:07.5899 +08 [Polaris Coverity Capture] INFO: Detected ISO-8859-1 encoding for C:/AI/jasper-ipd-1/src/Renderer/Repository/FilterHistoryRepo.ts
2025-06-29 22:16:07.5905 +08 [Polaris Coverity Capture] INFO: Detected ISO-8859-1 encoding for C:/AI/jasper-ipd-1/src/Renderer/Event/DateEvent.ts
2025-06-29 22:16:07.5923 +08 [Polaris Coverity Capture] INFO: Detected ISO-8859-1 encoding for C:/AI/jasper-ipd-1/src/Renderer/Library/Type/IssueEntity.ts
2025-06-29 22:16:07.5946 +08 [Polaris Coverity Capture] INFO: Detected ISO-8859-1 encoding for C:/AI/jasper-ipd-1/src/Renderer/Library/Infra/DB.ts
2025-06-29 22:16:07.5964 +08 [Polaris Coverity Capture] INFO: Detected ISO-8859-1 encoding for C:/AI/jasper-ipd-1/src/IPC/UserPrefIPC.ts
2025-06-29 22:16:07.6010 +08 [Polaris Coverity Capture] INFO: Detected ISO-8859-1 encoding for C:/AI/jasper-ipd-1/src/IPC/StreamIPC.ts
2025-06-29 22:16:07.6046 +08 [Polaris Coverity Capture] INFO: Detected UTF-8 encoding for C:/AI/jasper-ipd-1/src/Main/Window/MainWindow/MainWindow.ts
2025-06-29 22:16:07.6057 +08 [Polaris Coverity Capture] INFO: Detected ISO-8859-1 encoding for C:/AI/jasper-ipd-1/src/Renderer/Library/Type/StreamEntity.ts
2025-06-29 22:16:07.6075 +08 [Polaris Coverity Capture] INFO: Detected ISO-8859-1 encoding for C:/AI/jasper-ipd-1/src/Renderer/Library/Type/GitHubQueryType.ts
2025-06-29 22:16:07.6088 +08 [Polaris Coverity Capture] INFO: Detected ISO-8859-1 encoding for C:/AI/jasper-ipd-1/src/Main/asset/js/context-menu.ts
2025-06-29 22:16:07.6111 +08 [Polaris Coverity Capture] INFO: Detected ISO-8859-1 encoding for C:/AI/jasper-ipd-1/src/Renderer/Library/Type/RemoteGitHubV3/RemoteIssueEntity.ts
2025-06-29 22:16:07.6119 +08 [Polaris Coverity Capture] INFO: Detected ISO-8859-1 encoding for C:/AI/jasper-ipd-1/src/Renderer/Library/Type/RemoteGitHubV3/RemoteGitHubHeaderEntity.ts
2025-06-29 22:16:07.6128 +08 [Polaris Coverity Capture] INFO: Detected windows-1252 encoding for C:/AI/jasper-ipd-1/src/Main/Bind/IssueBind.ts
2025-06-29 22:16:07.6161 +08 [Polaris Coverity Capture] INFO: Detected UTF-8 encoding for C:/AI/jasper-ipd-1/src/Renderer/Repository/StreamIssueRepo.ts
2025-06-29 22:16:07.6166 +08 [Polaris Coverity Capture] INFO: Detected windows-1252 encoding for C:/AI/jasper-ipd-1/src/Renderer/Fragment/Stream/SampleIconNames.ts
2025-06-29 22:16:07.6178 +08 [Polaris Coverity Capture] INFO: Detected ISO-8859-1 encoding for C:/AI/jasper-ipd-1/src/index.ts
2025-06-29 22:16:07.6196 +08 [Polaris Coverity Capture] INFO: Detected UTF-8 encoding for C:/AI/jasper-ipd-1/src/Renderer/Repository/Polling/StreamClient/ProjectStreamClient.ts
2025-06-29 22:16:07.6226 +08 [Polaris Coverity Capture] INFO: Detected ISO-8859-1 encoding for C:/AI/jasper-ipd-1/src/IPC/MainWindowIPC.ts
2025-06-29 22:16:07.6239 +08 [Polaris Coverity Capture] INFO: Detected ISO-8859-1 encoding for C:/AI/jasper-ipd-1/src/Renderer/Event/BrowserEvent.ts
2025-06-29 22:16:07.6273 +08 [Polaris Coverity Capture] INFO: Detected UTF-8 encoding for C:/AI/jasper-ipd-1/src/Main/Window/MainWindow/MainWindowTranslate.ts
2025-06-29 22:16:07.6292 +08 [Polaris Coverity Capture] INFO: Detected UTF-8 encoding for C:/AI/jasper-ipd-1/src/Main/Bind/SQLiteBind.ts
2025-06-29 22:16:07.6518 +08 [Polaris Coverity Capture] INFO: Executing action Action cleanup: Coverity configuration for Sigma
2025-06-29 22:16:07.6637 +08 [Polaris Coverity Capture] INFO: Executing command: C:\Users\wangleo\.blackduck\bridge\tools\cov-thin-client\2025.3.0\bin\cov-manage-emit --dir C:\AI\jasper-ipd-1\.bridge\Polaris Coverity Capture\idir list-capture-diagnostics
2025-06-29 22:16:07.7731 +08 [Polaris Coverity Capture] INFO: Capture summary:
2025-06-29 22:16:07.7731 +08 [Polaris Coverity Capture] INFO:     SUCCEEDED: 277
2025-06-29 22:16:07.7731 +08 [Polaris Coverity Capture] INFO:     INCOMPLETE: 0
2025-06-29 22:16:07.7731 +08 [Polaris Coverity Capture] INFO:     FAILED: 14
2025-06-29 22:16:07.7731 +08 [Polaris Coverity Capture] INFO:     IGNORED: 16
2025-06-29 22:16:07.7731 +08 [Polaris Coverity Capture] INFO:     FILES CAPTURED: 277
2025-06-29 22:16:07.7731 +08 [Polaris Coverity Capture] INFO:     LINES OF CODE: 30945
2025-06-29 22:16:07.7753 +08 [Polaris Coverity Capture] INFO: Capture phase took 32.774s.
2025-06-29 22:16:08.1068 +08 [Polaris Coverity Capture] INFO: To analyze your project, type 'C:\Users\wangleo\.blackduck\bridge\tools\cov-thin-client\2025.3.0\bin\coverity.exe analyze --dir C:\AI\jasper-ipd-1\.bridge\Polaris Coverity Capture\idir -o analyze.location=connect'.
2025-06-29 22:16:08.1366 +08 [Polaris Coverity Capture] INFO: Provided value for resource 'coverity.completed'
2025-06-29 22:16:08.1366 +08 [Polaris Coverity Capture] INFO: Provided value for resource 'coverity.idir.output'
2025-06-29 22:16:08.1371 +08 [Polaris Coverity Capture] INFO: Provided value for resource 'polaris.test.sast.tests.sastFull.artifacts.path'
2025-06-29 22:16:08.1378 +08 [Polaris Coverity Capture] INFO: Adapter finished
2025-06-29 22:16:08.6110 +08 [Polaris Artifacts Uploader] INFO: uploading artifact for "SAST(sastFull)" assessment with id "3f8bf373-110b-42f0-bff3-3d1ca2a39234"
2025-06-29 22:16:10.2572 +08 [Polaris Artifacts Uploader] INFO: Uploading artifact C:\AI\jasper-ipd-1\.bridge\Polaris Coverity Capture\idir.zip for "SAST(sastFull)" assessment
2025-06-29 22:16:11.3074 +08 [Polaris Artifacts Uploader] INFO: Uploading Progress of "SAST(sastFull)" artifact:   1%  16384/1022080
2025-06-29 22:16:12.1055 +08 [Polaris Artifacts Uploader] INFO: Uploading Progress of "SAST(sastFull)" artifact:  27%  278528/1022080
2025-06-29 22:16:12.6058 +08 [Polaris Artifacts Uploader] INFO: Uploading Progress of "SAST(sastFull)" artifact:  52%  540672/1022080
2025-06-29 22:16:12.6135 +08 [Polaris Artifacts Uploader] INFO: Uploading Progress of "SAST(sastFull)" artifact:  78%  802816/1022080
2025-06-29 22:16:12.8644 +08 [Polaris Artifacts Uploader] INFO: Uploading Progress of "SAST(sastFull)" artifact: 100%  1022080/1022080
2025-06-29 22:16:14.1370 +08 [Polaris Artifacts Uploader] INFO: successfully uploaded artifact "C:\\AI\\jasper-ipd-1\\.bridge\\Polaris Coverity Capture\\idir.zip"
2025-06-29 22:16:14.6796 +08 [Polaris Artifacts Uploader] INFO: successfully resumed "SAST(sastFull)" assessment with id "3f8bf373-110b-42f0-bff3-3d1ca2a39234"
2025-06-29 22:16:14.7009 +08 [Polaris Artifacts Uploader] INFO: Provided value for resource 'polaris.test.sast.tests.sastFull.artifacts.uploadSuccessful'
2025-06-29 22:16:14.7015 +08 [Polaris Artifacts Uploader] INFO: Adapter finished
2025-06-29 22:16:15.3118 +08 [Polaris Waiter] INFO: Waiting for test with assessment type "SAST(sastFull)" and id "3f8bf373-110b-42f0-bff3-3d1ca2a39234"
2025-06-29 22:16:16.0723 +08 [Polaris Waiter] INFO: Polling Test Manager: state of test with assessment type "SAST(sastFull)" and id "3f8bf373-110b-42f0-bff3-3d1ca2a39234" is "Queuing"
2025-06-29 22:16:36.7103 +08 [Polaris Waiter] INFO: Polling Test Manager: state of test with assessment type "SAST(sastFull)" and id "3f8bf373-110b-42f0-bff3-3d1ca2a39234" is "Scanning"
2025-06-29 22:19:21.8459 +08 [Polaris Waiter] INFO: test with assessment type "SAST(sastFull)" and id "3f8bf373-110b-42f0-bff3-3d1ca2a39234" completed successfully
2025-06-29 22:19:21.8747 +08 [Polaris Waiter] INFO: Provided value for resource 'polaris.test.sast.tests.sastFull.completed'
2025-06-29 22:19:21.8768 +08 [Polaris Waiter] INFO: Adapter finished
2025-06-29 22:19:22.5750 +08 [Polaris Policy Checker] INFO: Checking for policy violations for "SAST(sastFull)" assessment...
2025-06-29 22:19:24.4064 +08 [Polaris Policy Checker] INFO: no policies were violated to break the build
2025-06-29 22:19:22.5750 +08 [Polaris Issues Fetcher] INFO: Fetching issues for "SAST(sastFull)" assessment
2025-06-29 22:19:24.4678 +08 [Polaris Issues Fetcher] INFO: Successfully fetched issues for assessment type "SAST(sastFull)" with id "3f8bf373-110b-42f0-bff3-3d1ca2a39234"
 {
 "critical": 0,
 "high": 0,
 "informational": 1,
 "low": 1,
 "medium": 2
}
2025-06-29 22:19:24.4456 +08 [Polaris Policy Checker] INFO: Adapter finished
2025-06-29 22:19:24.4896 +08 [Polaris Issues Fetcher] INFO: Provided value for resource 'polaris.test.SAST.tests.sastFull.issues.low'
2025-06-29 22:19:24.4896 +08 [Polaris Issues Fetcher] INFO: Provided value for resource 'polaris.test.SAST.tests.sastFull.issues.critical'
2025-06-29 22:19:24.4902 +08 [Polaris Issues Fetcher] INFO: Provided value for resource 'polaris.test.SAST.tests.sastFull.issues.medium'
2025-06-29 22:19:24.4902 +08 [Polaris Issues Fetcher] INFO: Provided value for resource 'polaris.test.SAST.tests.sastFull.issues.high'
2025-06-29 22:19:24.4908 +08 [Polaris Issues Fetcher] INFO: Provided value for resource 'polaris.test.SAST.tests.sastFull.issues.informational'
2025-06-29 22:19:24.4913 +08 [Polaris Issues Fetcher] INFO: Adapter finished
2025-06-29 22:19:24.8852 +08 [Polaris Status Provider] INFO: Results for test "SAST(sastFull)" with ID "3f8bf373-110b-42f0-bff3-3d1ca2a39234" are available at https://poc.polaris.synopsys.com/portfolio/portfolios/567848cb-9ea0-4243-b3b4-0a08fed80507/portfolio-items/f0e69478-3754-40c7-85cc-85083a86c12e/projects/92a405b0-657e-4910-965f-63c24a1d804f/tests/3f8bf373-110b-42f0-bff3-3d1ca2a39234/detected-issues
2025-06-29 22:19:24.9000 +08 [Polaris Status Provider] INFO: Polaris issues view for project "jasper-ipd-leo", branch "master" is available at https://poc.polaris.synopsys.com/portfolio/portfolios/567848cb-9ea0-4243-b3b4-0a08fed80507/portfolio-items/f0e69478-3754-40c7-85cc-85083a86c12e/projects/92a405b0-657e-4910-965f-63c24a1d804f/issues?branchId=30bf5daa-6dae-4429-b633-940dd946e96f
2025-06-29 22:19:24.9201 +08 [Polaris Status Provider] INFO: Provided value for resource 'polaris.test.SAST.tests.sastFull.summary.url'
2025-06-29 22:19:24.9201 +08 [Polaris Status Provider] INFO: Provided value for resource 'polaris.project.issues.url'
2025-06-29 22:19:24.9207 +08 [Polaris Status Provider] INFO: Adapter finished
